Unity Editor version:    2020.3.30f1 (1fb1bf06830e)
Branch:                  2020.3/staging
Build type:              Release
Batch mode:              YES
macOS version:           Version 10.15.7 (Build 19H1824)
Darwin version:          19.6.0
Architecture:            x86_64
Running under Rosetta:   NO
Available memory:        16384 MB
Using pre-set license
Pro License: NO

COMMAND LINE ARGUMENTS:
/Applications/Unity/Hub/Editor/2020.3.30f1/Unity.app/Contents/MacOS/Unity
-adb2
-batchMode
-noUpm
-name
AssetImportWorker0
-projectPath
/Users/grafica3-11/Desktop/apartamenteros
-logFile
Logs/AssetImportWorker0.log
-srvPort
50371
Successfully changed project path to: /Users/grafica3-11/Desktop/apartamenteros
/Users/grafica3-11/Desktop/apartamenteros
Using Asset Import Pipeline V2.
Refreshing native plugins compatible for Editor in 37.69 ms, found 2 plugins.
Preloading 0 native plugins for Editor in 0.00 ms.
Initialize engine version: 2020.3.30f1 (1fb1bf06830e)
[Subsystems] Discovering subsystems at path /Applications/Unity/Hub/Editor/2020.3.30f1/Unity.app/Contents/Resources/UnitySubsystems
[Subsystems] Discovering subsystems at path /Users/grafica3-11/Desktop/apartamenteros/Assets
GfxDevice: creating device client; threaded=0
2022-04-09 14:49:04.879 Unity[1567:24646] iMac preferred device: NVIDIA GeForce GT 750M (high power)
2022-04-09 14:49:04.879 Unity[1567:24646] Metal devices available: 1
2022-04-09 14:49:04.879 Unity[1567:24646] 0: NVIDIA GeForce GT 750M (high power)
2022-04-09 14:49:04.880 Unity[1567:24646] Using device NVIDIA GeForce GT 750M (high power)
Initializing Metal device caps: NVIDIA GeForce GT 750M
Initialize mono
Mono path[0] = '/Applications/Unity/Hub/Editor/2020.3.30f1/Unity.app/Contents/Managed'
Mono path[1] = '/Applications/Unity/Hub/Editor/2020.3.30f1/Unity.app/Contents/MonoBleedingEdge/lib/mono/unityjit'
Mono config path = '/Applications/Unity/Hub/Editor/2020.3.30f1/Unity.app/Contents/MonoBleedingEdge/etc'
Using monoOptions --debugger-agent=transport=dt_socket,embedding=1,server=y,suspend=n,address=127.0.0.1:56567
Begin MonoManager ReloadAssembly
Registering precompiled unity dll's ...
Register platform support module: /Applications/Unity/Hub/Editor/2020.3.30f1/PlaybackEngines/WebGLSupport/UnityEditor.WebGL.Extensions.dll
Register platform support module: /Applications/Unity/Hub/Editor/2020.3.30f1/Unity.app/Contents/PlaybackEngines/MacStandaloneSupport/UnityEditor.OSXStandalone.Extensions.dll
Registered in 0.000753 seconds.
Native extension for OSXStandalone target not found
Native extension for WebGL target not found
Refreshing native plugins compatible for Editor in 34.79 ms, found 2 plugins.
Preloading 0 native plugins for Editor in 0.00 ms.
Mono: successfully reloaded assembly
- Completed reload, in  0.748 seconds
Domain Reload Profiling:
	ReloadAssembly (748ms)
		BeginReloadAssembly (58ms)
			ExecutionOrderSort (0ms)
			DisableScriptedObjects (0ms)
			BackupInstance (0ms)
			ReleaseScriptingObjects (0ms)
			CreateAndSetChildDomain (1ms)
		EndReloadAssembly (597ms)
			LoadAssemblies (56ms)
			RebuildTransferFunctionScriptingTraits (0ms)
			SetupTypeCache (237ms)
			ReleaseScriptCaches (0ms)
			RebuildScriptCaches (48ms)
			SetupLoadedEditorAssemblies (205ms)
				LogAssemblyErrors (0ms)
				InitializePlatformSupportModulesInManaged (6ms)
				SetLoadedEditorAssemblies (0ms)
				RefreshPlugins (35ms)
				BeforeProcessingInitializeOnLoad (9ms)
				ProcessInitializeOnLoadAttributes (116ms)
				ProcessInitializeOnLoadMethodAttributes (38ms)
				AfterProcessingInitializeOnLoad (0ms)
				EditorAssembliesLoaded (0ms)
			ExecutionOrderSort2 (0ms)
			AwakeInstancesAfterBackupRestoration (0ms)
Platform modules already initialized, skipping
Registering precompiled user dll's ...
Registered in 0.001488 seconds.
Begin MonoManager ReloadAssembly
Native extension for OSXStandalone target not found
Native extension for WebGL target not found
Refreshing native plugins compatible for Editor in 0.39 ms, found 2 plugins.
Preloading 0 native plugins for Editor in 0.00 ms.
Mono: successfully reloaded assembly
- Completed reload, in  1.304 seconds
Domain Reload Profiling:
	ReloadAssembly (1305ms)
		BeginReloadAssembly (196ms)
			ExecutionOrderSort (0ms)
			DisableScriptedObjects (7ms)
			BackupInstance (0ms)
			ReleaseScriptingObjects (0ms)
			CreateAndSetChildDomain (40ms)
		EndReloadAssembly (1027ms)
			LoadAssemblies (91ms)
			RebuildTransferFunctionScriptingTraits (0ms)
			SetupTypeCache (381ms)
			ReleaseScriptCaches (0ms)
			RebuildScriptCaches (63ms)
			SetupLoadedEditorAssemblies (352ms)
				LogAssemblyErrors (0ms)
				InitializePlatformSupportModulesInManaged (6ms)
				SetLoadedEditorAssemblies (1ms)
				RefreshPlugins (0ms)
				BeforeProcessingInitializeOnLoad (60ms)
				ProcessInitializeOnLoadAttributes (273ms)
				ProcessInitializeOnLoadMethodAttributes (10ms)
				AfterProcessingInitializeOnLoad (2ms)
				EditorAssembliesLoaded (0ms)
			ExecutionOrderSort2 (0ms)
			AwakeInstancesAfterBackupRestoration (8ms)
Platform modules already initialized, skipping
Validating Project structure ... 0.001040 seconds.
Shader import version has changed; will reimport all shaders...
Upgrading shader files ...0.001760 seconds.
Application.AssetDatabase Initial Script Refresh Start
RefreshInfo: InitialScriptRefreshV2(NoUpdateAssetOptions) scanfilter:  ... 1 filters
RefreshProfiler: Total: 0.000ms
Application.AssetDatabase Initial Script Refresh End
Application.AssetDatabase.Refresh Start
Application.AssetDatabase.Refresh End
RefreshInfo: StopAssetImportingV2(ForceSynchronousImport) scanfilter: 
RefreshProfiler: Total: 0.000ms
Launching external process: /Applications/Unity/Hub/Editor/2020.3.30f1/Unity.app/Contents/Tools/UnityShaderCompiler
Launched and connected shader compiler UnityShaderCompiler after 0.01 seconds
Initializing Unity extensions:
========================================================================
Worker process is ready to serve import requests
Refreshing native plugins compatible for Editor in 0.34 ms, found 2 plugins.
Preloading 0 native plugins for Editor in 0.00 ms.
Unloading 1592 Unused Serialized files (Serialized files now loaded: 0)
System memory in use before: 179.4 MB.
System memory in use after: 178.6 MB.

Unloading 87 unused Assets to reduce memory usage. Loaded Objects now: 2067.
Total: 3.942714 ms (FindLiveObjects: 0.168173 ms CreateObjectMapping: 0.111439 ms MarkObjects: 3.101114 ms  DeleteObjects: 0.560997 ms)

AssetImportParameters requested are different than current active one (requested -> active):
  custom:video-decoder-ogg-theora: a1e56fd34408186e4bbccfd4996cb3dc -> 
  custom:container-muxer-webm: aa71ff27fc2769a1b78a27578f13a17b -> 
  custom:container-demuxer-webm: 4f35f7cbe854078d1ac9338744f61a02 -> 
  custom:container-demuxer-ogg: 62fdf1f143b41e24485cea50d1cbac27 -> 
  custom:video-encoder-webm-vp8: eb34c28f22e8b96e1ab97ce403110664 -> 
  custom:framework-osx-AVFoundation: b23960f63f64bdc6ff669e2cdcee2391 -> 
  custom:video-decoder-webm-vp8: 9c59270c3fd7afecdb556c50c9e8de78 -> 
  custom:audio-decoder-ogg-vorbis: bf7c407c2cedff20999df2af8eb42d56 -> 
  custom:audio-encoder-webm-vorbis: bf7c407c2cedff20999df2af8eb42d56 -> 
========================================================================
Received Import Request.
  path: Assets/Samples/Google Cardboard XR Plugin for Unity
  artifactKey: Guid(9b61a0f3fc62449b7a9fc8a2ab733dbf) Importer(815301076,1909f56bfc062723c751e8b465ee728b)
Start importing Assets/Samples/Google Cardboard XR Plugin for Unity using Guid(9b61a0f3fc62449b7a9fc8a2ab733dbf) Importer(815301076,1909f56bfc062723c751e8b465ee728b)  -> (artifact id: '6cff7c99817257e9f136bff8cf81e9ac') in 0.004772 seconds 
========================================================================
Received Import Request.
  Time since last request: 0.000394 seconds.
  path: Assets/Samples
  artifactKey: Guid(7a611b989c3454a849a1863eda9cd1e3) Importer(815301076,1909f56bfc062723c751e8b465ee728b)
Start importing Assets/Samples using Guid(7a611b989c3454a849a1863eda9cd1e3) Importer(815301076,1909f56bfc062723c751e8b465ee728b)  -> (artifact id: 'eaa30fa318eb75d7ee85e2ef4e00ebf3') in 0.001429 seconds 
========================================================================
Received Import Request.
  Time since last request: 0.748618 seconds.
  path: Assets/Samples/Google Cardboard XR Plugin for Unity/1.14.0
  artifactKey: Guid(f5896cd5dfd284e69a1d4a2b158aebb2) Importer(815301076,1909f56bfc062723c751e8b465ee728b)
Start importing Assets/Samples/Google Cardboard XR Plugin for Unity/1.14.0 using Guid(f5896cd5dfd284e69a1d4a2b158aebb2) Importer(815301076,1909f56bfc062723c751e8b465ee728b)  -> (artifact id: '1f14b46223c95cb0ffd5c8d54b4047b3') in 0.003882 seconds 
========================================================================
Received Import Request.
  Time since last request: 0.928463 seconds.
  path: Assets/Samples/Google Cardboard XR Plugin for Unity/1.14.0/Hello Cardboard
  artifactKey: Guid(0a93bfd1c82f140c78a14475b43a5451) Importer(815301076,1909f56bfc062723c751e8b465ee728b)
Start importing Assets/Samples/Google Cardboard XR Plugin for Unity/1.14.0/Hello Cardboard using Guid(0a93bfd1c82f140c78a14475b43a5451) Importer(815301076,1909f56bfc062723c751e8b465ee728b)  -> (artifact id: '5de599458e07aa2f12cd2871dfbad07a') in 0.004053 seconds 
========================================================================
Received Import Request.
  Time since last request: 1.706817 seconds.
  path: Assets/Samples/Google Cardboard XR Plugin for Unity/1.14.0/Hello Cardboard/Scenes
  artifactKey: Guid(6532d9b74af7e42dd9bfe5affd1bba03) Importer(815301076,1909f56bfc062723c751e8b465ee728b)
Start importing Assets/Samples/Google Cardboard XR Plugin for Unity/1.14.0/Hello Cardboard/Scenes using Guid(6532d9b74af7e42dd9bfe5affd1bba03) Importer(815301076,1909f56bfc062723c751e8b465ee728b)  -> (artifact id: 'dea7252cc5cb3a364887d79d48238425') in 0.003774 seconds 
========================================================================
Received Import Request.
  Time since last request: 6.069814 seconds.
  path: Assets/Samples/Google Cardboard XR Plugin for Unity/1.14.0/Hello Cardboard/Scenes/HelloCardboard.unity
  artifactKey: Guid(145a2a45d7bc746b19cb68410368bf96) Importer(815301076,1909f56bfc062723c751e8b465ee728b)
Start importing Assets/Samples/Google Cardboard XR Plugin for Unity/1.14.0/Hello Cardboard/Scenes/HelloCardboard.unity using Guid(145a2a45d7bc746b19cb68410368bf96) Importer(815301076,1909f56bfc062723c751e8b465ee728b)  -> (artifact id: '6c181cd0819c1c30918a6a8078eec45c') in 0.014752 seconds 
========================================================================
Received Import Request.
  Time since last request: 20.587902 seconds.
  path: Assets/Samples/Google Cardboard XR Plugin for Unity/1.14.0/Hello Cardboard/Scenes/HelloCardboard 1.unity
  artifactKey: Guid(c50681e0fde66401c89059fde3f14381) Importer(815301076,1909f56bfc062723c751e8b465ee728b)
Start importing Assets/Samples/Google Cardboard XR Plugin for Unity/1.14.0/Hello Cardboard/Scenes/HelloCardboard 1.unity using Guid(c50681e0fde66401c89059fde3f14381) Importer(815301076,1909f56bfc062723c751e8b465ee728b)  -> (artifact id: '3198c0d348b565a1c6f37e09b004690c') in 0.003334 seconds 
========================================================================
Received Import Request.
  Time since last request: 10.271986 seconds.
  path: Assets/Samples/Google Cardboard XR Plugin for Unity/1.14.0/Hello Cardboard/Scenes/JC APTO SCENE.unity
  artifactKey: Guid(c50681e0fde66401c89059fde3f14381) Importer(815301076,1909f56bfc062723c751e8b465ee728b)
Start importing Assets/Samples/Google Cardboard XR Plugin for Unity/1.14.0/Hello Cardboard/Scenes/JC APTO SCENE.unity using Guid(c50681e0fde66401c89059fde3f14381) Importer(815301076,1909f56bfc062723c751e8b465ee728b)  -> (artifact id: 'bfb47acecfc4a965251481f5b3391c61') in 0.004719 seconds 
========================================================================
Received Import Request.
  Time since last request: 23.544583 seconds.
  path: Assets/3D MODELS
  artifactKey: Guid(23893c28c1b854212a99f05dba4a28c7) Importer(815301076,1909f56bfc062723c751e8b465ee728b)
Start importing Assets/3D MODELS using Guid(23893c28c1b854212a99f05dba4a28c7) Importer(815301076,1909f56bfc062723c751e8b465ee728b)  -> (artifact id: 'b74c8cb5a4bce5d6faadb1b18f55f519') in 0.003199 seconds 
========================================================================
Received Import Request.
  Time since last request: 50.812882 seconds.
  path: Assets/3D MODELS/Mesa cocina.fbx
  artifactKey: Guid(3819a137a70f240a7a311dce1dbaf7a0) Importer(815301076,1909f56bfc062723c751e8b465ee728b)
Start importing Assets/3D MODELS/Mesa cocina.fbx using Guid(3819a137a70f240a7a311dce1dbaf7a0) Importer(815301076,1909f56bfc062723c751e8b465ee728b)  -> (artifact id: '0693cb2c8139f5f30956dd9c1c205941') in 0.965270 seconds 
========================================================================
Received Import Request.
  Time since last request: 0.000437 seconds.
  path: Assets/3D MODELS/silla cocina.fbx
  artifactKey: Guid(2657800f40aaf4b26bf2cb4aff8f47e5) Importer(815301076,1909f56bfc062723c751e8b465ee728b)
Start importing Assets/3D MODELS/silla cocina.fbx using Guid(2657800f40aaf4b26bf2cb4aff8f47e5) Importer(815301076,1909f56bfc062723c751e8b465ee728b)  -> (artifact id: '864ae481a67d61294c290daf8a5c8e57') in 0.139119 seconds 
========================================================================
Received Import Request.
  Time since last request: 15.556761 seconds.
  path: Assets/JC TEXTURES
  artifactKey: Guid(d6c4bbb4d6f6f4baabb8be6e8793cde6) Importer(815301076,1909f56bfc062723c751e8b465ee728b)
Start importing Assets/JC TEXTURES using Guid(d6c4bbb4d6f6f4baabb8be6e8793cde6) Importer(815301076,1909f56bfc062723c751e8b465ee728b)  -> (artifact id: '9f8f4dc4044dd36452c1dbfaa8334eed') in 0.003035 seconds 
========================================================================
Received Import Request.
  Time since last request: 34.870462 seconds.
  path: Assets/JC TEXTURES/madera.jpeg
  artifactKey: Guid(03660ab22158f4de19b900020a0cb094) Importer(815301076,1909f56bfc062723c751e8b465ee728b)
Start importing Assets/JC TEXTURES/madera.jpeg using Guid(03660ab22158f4de19b900020a0cb094) Importer(815301076,1909f56bfc062723c751e8b465ee728b)  -> (artifact id: '925c6fb9dc8c5571f34266b4ee5f7e42') in 0.414617 seconds 
========================================================================
Received Import Request.
  Time since last request: 0.000382 seconds.
  path: Assets/JC TEXTURES/marble texture.jpeg
  artifactKey: Guid(99e4a2a8e33504ad580aeff531828eaf) Importer(815301076,1909f56bfc062723c751e8b465ee728b)
Start importing Assets/JC TEXTURES/marble texture.jpeg using Guid(99e4a2a8e33504ad580aeff531828eaf) Importer(815301076,1909f56bfc062723c751e8b465ee728b)  -> (artifact id: 'b2207b0dbdbc7909ee86c3987d042dc0') in 0.013519 seconds 
========================================================================
Received Import Request.
  Time since last request: 0.001109 seconds.
  path: Assets/JC TEXTURES/steel.jpeg
  artifactKey: Guid(a2384472d082f417c98eb51f5d1c3e03) Importer(815301076,1909f56bfc062723c751e8b465ee728b)
Start importing Assets/JC TEXTURES/steel.jpeg using Guid(a2384472d082f417c98eb51f5d1c3e03) Importer(815301076,1909f56bfc062723c751e8b465ee728b)  -> (artifact id: '07f3d3b4229fe865275a1c1766cdd2c3') in 0.014177 seconds 
========================================================================
Received Import Request.
  Time since last request: 45.149044 seconds.
  path: Assets/MESA COCINA MATERIAL.mat
  artifactKey: Guid(1172d47f1d09f4f6992fe6e24d2cc0eb) Importer(815301076,1909f56bfc062723c751e8b465ee728b)
Start importing Assets/MESA COCINA MATERIAL.mat using Guid(1172d47f1d09f4f6992fe6e24d2cc0eb) Importer(815301076,1909f56bfc062723c751e8b465ee728b)  -> (artifact id: '0d664f8f0172c4fe52d5dd616c4f592b') in 0.169607 seconds 
========================================================================
Received Import Request.
  Time since last request: 298.924528 seconds.
  path: Assets/3D MODELS/nevera.fbx
  artifactKey: Guid(665a9fc712ce54f76929e47769495c8a) Importer(815301076,1909f56bfc062723c751e8b465ee728b)
Start importing Assets/3D MODELS/nevera.fbx using Guid(665a9fc712ce54f76929e47769495c8a) Importer(815301076,1909f56bfc062723c751e8b465ee728b)  -> (artifact id: '499cf5bb232f050961092df63a0dba01') in 0.421367 seconds 
========================================================================
Received Import Request.
  Time since last request: 42.961594 seconds.
  path: Assets/JC TEXTURES/textura NEVERA.png
  artifactKey: Guid(284850d8ad1f0494c8ff8145b5ba0a0b) Importer(815301076,1909f56bfc062723c751e8b465ee728b)
Start importing Assets/JC TEXTURES/textura NEVERA.png using Guid(284850d8ad1f0494c8ff8145b5ba0a0b) Importer(815301076,1909f56bfc062723c751e8b465ee728b)  -> (artifact id: 'a4986a86ead3097e5b9024aca17d4098') in 0.295194 seconds 
========================================================================
Received Prepare
Registering precompiled user dll's ...
Registered in 0.006727 seconds.
Begin MonoManager ReloadAssembly
Native extension for OSXStandalone target not found
Native extension for WebGL target not found
Refreshing native plugins compatible for Editor in 0.45 ms, found 2 plugins.
Preloading 0 native plugins for Editor in 0.00 ms.
Mono: successfully reloaded assembly
- Completed reload, in  1.533 seconds
Domain Reload Profiling:
	ReloadAssembly (1533ms)
		BeginReloadAssembly (235ms)
			ExecutionOrderSort (0ms)
			DisableScriptedObjects (5ms)
			BackupInstance (0ms)
			ReleaseScriptingObjects (0ms)
			CreateAndSetChildDomain (83ms)
		EndReloadAssembly (1218ms)
			LoadAssemblies (182ms)
			RebuildTransferFunctionScriptingTraits (0ms)
			SetupTypeCache (415ms)
			ReleaseScriptCaches (1ms)
			RebuildScriptCaches (61ms)
			SetupLoadedEditorAssemblies (479ms)
				LogAssemblyErrors (0ms)
				InitializePlatformSupportModulesInManaged (6ms)
				SetLoadedEditorAssemblies (1ms)
				RefreshPlugins (0ms)
				BeforeProcessingInitializeOnLoad (113ms)
				ProcessInitializeOnLoadAttributes (346ms)
				ProcessInitializeOnLoadMethodAttributes (11ms)
				AfterProcessingInitializeOnLoad (2ms)
				EditorAssembliesLoaded (0ms)
			ExecutionOrderSort2 (0ms)
			AwakeInstancesAfterBackupRestoration (10ms)
Platform modules already initialized, skipping
Switching build target platform(2) subTarget(0) extendedPlatform(0) -> platform(13) subTarget(524288) extendedPlatform(0)
Refreshing native plugins compatible for Editor in 0.40 ms, found 2 plugins.
Preloading 0 native plugins for Editor in 0.00 ms.
Unloading 1585 Unused Serialized files (Serialized files now loaded: 0)
System memory in use before: 196.6 MB.
System memory in use after: 196.7 MB.

Unloading 13 unused Assets to reduce memory usage. Loaded Objects now: 2116.
Total: 3.374220 ms (FindLiveObjects: 0.200250 ms CreateObjectMapping: 0.106851 ms MarkObjects: 3.048071 ms  DeleteObjects: 0.018326 ms)

AssetImportParameters requested are different than current active one (requested -> active):
  custom:video-decoder-ogg-theora: a1e56fd34408186e4bbccfd4996cb3dc -> 
  custom:container-muxer-webm: aa71ff27fc2769a1b78a27578f13a17b -> 
  custom:container-demuxer-webm: 4f35f7cbe854078d1ac9338744f61a02 -> 
  custom:container-demuxer-ogg: 62fdf1f143b41e24485cea50d1cbac27 -> 
  custom:video-encoder-webm-vp8: eb34c28f22e8b96e1ab97ce403110664 -> 
  custom:framework-osx-AVFoundation: b23960f63f64bdc6ff669e2cdcee2391 -> 
  custom:video-decoder-webm-vp8: 9c59270c3fd7afecdb556c50c9e8de78 -> 
  custom:graphics/normal-map-encoding: 01000000000000000000000000000000 -> 02000000000000000000000000000000
  custom:audio-decoder-ogg-vorbis: bf7c407c2cedff20999df2af8eb42d56 -> 
  custom:audio-encoder-webm-vorbis: bf7c407c2cedff20999df2af8eb42d56 -> 
========================================================================
Received Prepare
Refreshing native plugins compatible for Editor in 3.45 ms, found 2 plugins.
Preloading 0 native plugins for Editor in 0.00 ms.
Unloading 9 Unused Serialized files (Serialized files now loaded: 0)
System memory in use before: 165.3 MB.
System memory in use after: 165.4 MB.

Unloading 9 unused Assets to reduce memory usage. Loaded Objects now: 2116.
Total: 3.409851 ms (FindLiveObjects: 0.176238 ms CreateObjectMapping: 0.111276 ms MarkObjects: 3.108836 ms  DeleteObjects: 0.012834 ms)

AssetImportParameters requested are different than current active one (requested -> active):
  custom:video-decoder-ogg-theora: a1e56fd34408186e4bbccfd4996cb3dc -> 
  custom:container-muxer-webm: aa71ff27fc2769a1b78a27578f13a17b -> 
  custom:container-demuxer-webm: 4f35f7cbe854078d1ac9338744f61a02 -> 
  custom:container-demuxer-ogg: 62fdf1f143b41e24485cea50d1cbac27 -> 
  custom:video-encoder-webm-vp8: eb34c28f22e8b96e1ab97ce403110664 -> 
  custom:framework-osx-AVFoundation: b23960f63f64bdc6ff669e2cdcee2391 -> 
  custom:video-decoder-webm-vp8: 9c59270c3fd7afecdb556c50c9e8de78 -> 
  custom:audio-decoder-ogg-vorbis: bf7c407c2cedff20999df2af8eb42d56 -> 
  custom:audio-encoder-webm-vorbis: bf7c407c2cedff20999df2af8eb42d56 -> 
========================================================================
Received Import Request.
  Time since last request: 481.538168 seconds.
  path: Assets/JC TEXTURES/madera.jpeg
  artifactKey: Guid(03660ab22158f4de19b900020a0cb094) Importer(815301076,1909f56bfc062723c751e8b465ee728b)
Start importing Assets/JC TEXTURES/madera.jpeg using Guid(03660ab22158f4de19b900020a0cb094) Importer(815301076,1909f56bfc062723c751e8b465ee728b)  -> (artifact id: '893e21c1eee28f8fbc9fe7bce625240c') in 0.045781 seconds 
========================================================================
Received Import Request.
  Time since last request: 0.000310 seconds.
  path: Assets/JC TEXTURES/textura NEVERA.png
  artifactKey: Guid(284850d8ad1f0494c8ff8145b5ba0a0b) Importer(815301076,1909f56bfc062723c751e8b465ee728b)
Start importing Assets/JC TEXTURES/textura NEVERA.png using Guid(284850d8ad1f0494c8ff8145b5ba0a0b) Importer(815301076,1909f56bfc062723c751e8b465ee728b)  -> (artifact id: 'a91a0edcea7bfb05c651a96b15004046') in 0.110904 seconds 
========================================================================
Received Import Request.
  Time since last request: 0.000343 seconds.
  path: Assets/JC TEXTURES/marble texture.jpeg
  artifactKey: Guid(99e4a2a8e33504ad580aeff531828eaf) Importer(815301076,1909f56bfc062723c751e8b465ee728b)
Start importing Assets/JC TEXTURES/marble texture.jpeg using Guid(99e4a2a8e33504ad580aeff531828eaf) Importer(815301076,1909f56bfc062723c751e8b465ee728b)  -> (artifact id: 'a78eddd2c005711ad231f92d12d50fbd') in 0.032732 seconds 
========================================================================
Received Import Request.
  Time since last request: 0.000423 seconds.
  path: Assets/JC TEXTURES/steel.jpeg
  artifactKey: Guid(a2384472d082f417c98eb51f5d1c3e03) Importer(815301076,1909f56bfc062723c751e8b465ee728b)
Start importing Assets/JC TEXTURES/steel.jpeg using Guid(a2384472d082f417c98eb51f5d1c3e03) Importer(815301076,1909f56bfc062723c751e8b465ee728b)  -> (artifact id: '59913b18227e274d9b1449bdf97b852f') in 0.018743 seconds 
